<?xml version="1.0" encoding="UTF-8"?>
<testng-results skipped="0" failed="0" ignored="4" total="5" passed="1">
  <reporter-output>
  </reporter-output>
  <suite name="testsuite" duration-ms="6360" started-at="2022-12-11T15:35:34 GMT" finished-at="2022-12-11T15:35:40 GMT">
    <groups>
      <group name="regression">
        <method signature="BankTest.bankManagerShouldAddCustomerSuccessfully()[pri:0, instance:com.bank.testsuite.BankTest@57e1b0c]" name="bankManagerShouldAddCustomerSuccessfully" class="com.bank.testsuite.BankTest"/>
      </group> <!-- regression -->
      <group name="sanity">
        <method signature="BankTest.bankManagerShouldAddCustomerSuccessfully()[pri:0, instance:com.bank.testsuite.BankTest@57e1b0c]" name="bankManagerShouldAddCustomerSuccessfully" class="com.bank.testsuite.BankTest"/>
      </group> <!-- sanity -->
    </groups>
    <test name="Sanity Test" duration-ms="6360" started-at="2022-12-11T15:35:34 GMT" finished-at="2022-12-11T15:35:40 GMT">
      <class name="com.bank.testsuite.BankTest">
        <test-method status="PASS" signature="setUp()[pri:0, instance:com.bank.testsuite.BankTest@57e1b0c]" name="setUp" is-config="true" duration-ms="4298" started-at="2022-12-11T15:35:34 GMT" finished-at="2022-12-11T15:35:38 GMT">
          <reporter-output>
          </reporter-output>
        </test-method> <!-- setUp -->
        <test-method status="PASS" signature="inIt()[pri:0, instance:com.bank.testsuite.BankTest@57e1b0c]" name="inIt" is-config="true" duration-ms="34" started-at="2022-12-11T15:35:38 GMT" finished-at="2022-12-11T15:35:38 GMT">
          <reporter-output>
          </reporter-output>
        </test-method> <!-- inIt -->
        <test-method status="PASS" signature="bankManagerShouldAddCustomerSuccessfully()[pri:0, instance:com.bank.testsuite.BankTest@57e1b0c]" name="bankManagerShouldAddCustomerSuccessfully" duration-ms="1277" started-at="2022-12-11T15:35:38 GMT" finished-at="2022-12-11T15:35:39 GMT">
          <reporter-output>
          </reporter-output>
        </test-method> <!-- bankManagerShouldAddCustomerSuccessfully -->
        <test-method status="PASS" signature="tearDown()[pri:0, instance:com.bank.testsuite.BankTest@57e1b0c]" name="tearDown" is-config="true" duration-ms="705" started-at="2022-12-11T15:35:39 GMT" finished-at="2022-12-11T15:35:40 GMT">
          <reporter-output>
          </reporter-output>
        </test-method> <!-- tearDown -->
      </class> <!-- com.bank.testsuite.BankTest -->
    </test> <!-- Sanity Test -->
  </suite> <!-- testsuite -->
</testng-results>
